h:\kliuworkspace\billet_measurement_vs\billet_measurement_v6\billet_measurement\x64\debug\vc120.pdb
h:\kliuworkspace\billet_measurement_vs\billet_measurement_v6\billet_measurement\x64\debug\settriggerparam.obj
h:\kliuworkspace\billet_measurement_vs\billet_measurement_v6\billet_measurement\x64\debug\setcampara.obj
h:\kliuworkspace\billet_measurement_vs\billet_measurement_v6\billet_measurement\x64\debug\main.obj
h:\kliuworkspace\billet_measurement_vs\billet_measurement_v6\billet_measurement\x64\debug\moc_settriggerparam.obj
h:\kliuworkspace\billet_measurement_vs\billet_measurement_v6\billet_measurement\x64\debug\moc_setcampara.obj
h:\kliuworkspace\billet_measurement_vs\billet_measurement_v6\billet_measurement\x64\debug\moc_billet_measurement.obj
h:\kliuworkspace\billet_measurement_vs\billet_measurement_v6\billet_measurement\x64\debug\billet_measurement.obj
h:\kliuworkspace\billet_measurement_vs\billet_measurement_v6\billet_measurement\x64\debug\basler.obj
h:\kliuworkspace\billet_measurement_vs\billet_measurement_v6\billet_measurement\x64\debug\qrc_billet_measurement.obj
h:\kliuworkspace\billet_measurement_vs\billet_measurement_v7\billet_measurement\x64\debug\vc120.pdb
h:\kliuworkspace\billet_measurement_vs\billet_measurement_v7\billet_measurement\x64\debug\settriggerparam.obj
h:\kliuworkspace\billet_measurement_vs\billet_measurement_v7\billet_measurement\x64\debug\setcampara.obj
h:\kliuworkspace\billet_measurement_vs\billet_measurement_v7\billet_measurement\x64\debug\main.obj
h:\kliuworkspace\billet_measurement_vs\billet_measurement_v7\billet_measurement\x64\debug\moc_settriggerparam.obj
h:\kliuworkspace\billet_measurement_vs\billet_measurement_v7\billet_measurement\x64\debug\moc_setcampara.obj
h:\kliuworkspace\billet_measurement_vs\billet_measurement_v7\billet_measurement\x64\debug\moc_billet_measurement.obj
h:\kliuworkspace\billet_measurement_vs\billet_measurement_v7\billet_measurement\x64\debug\basler.obj
h:\kliuworkspace\billet_measurement_vs\billet_measurement_v7\billet_measurement\x64\debug\qrc_billet_measurement.obj
h:\kliuworkspace\billet_measurement_vs\billet_measurement_v7\billet_measurement\x64\debug\billet_measurement.obj
h:\kliuworkspace\billet_measurement_vs\billet_measurement_v6\billet_measurement\generatedfiles\ui_billet_measurement.h
h:\kliuworkspace\billet_measurement_vs\billet_measurement_v6\billet_measurement\generatedfiles\debug\moc_setcampara.cpp
h:\kliuworkspace\billet_measurement_vs\billet_measurement_v6\billet_measurement\generatedfiles\qrc_billet_measurement.cpp
h:\kliuworkspace\billet_measurement_vs\billet_measurement_v6\billet_measurement\generatedfiles\ui_setcampara.h
h:\kliuworkspace\billet_measurement_vs\billet_measurement_v6\billet_measurement\generatedfiles\debug\moc_billet_measurement.cpp
h:\kliuworkspace\billet_measurement_vs\billet_measurement_v6\billet_measurement\generatedfiles\ui_settriggerparam.h
h:\kliuworkspace\billet_measurement_vs\billet_measurement_v6\billet_measurement\generatedfiles\debug\moc_settriggerparam.cpp
h:\kliuworkspace\billet_measurement_vs\billet_measurement_v7\billet_measurement\generatedfiles\debug\moc_billet_measurement.cpp
h:\kliuworkspace\billet_measurement_vs\billet_measurement_v7\billet_measurement\generatedfiles\ui_billet_measurement.h
h:\kliuworkspace\billet_measurement_vs\billet_measurement_v7\billet_measurement\generatedfiles\debug\moc_settriggerparam.cpp
h:\kliuworkspace\billet_measurement_vs\billet_measurement_v7\billet_measurement\generatedfiles\debug\moc_setcampara.cpp
h:\kliuworkspace\billet_measurement_vs\billet_measurement_v7\billet_measurement\generatedfiles\qrc_billet_measurement.cpp
h:\kliuworkspace\billet_measurement_vs\billet_measurement_v7\billet_measurement\generatedfiles\ui_setcampara.h
h:\kliuworkspace\billet_measurement_vs\billet_measurement_v7\billet_measurement\generatedfiles\ui_settriggerparam.h
h:\kliuworkspace\billet_measurement_vs\billet_measurement_v6\x64\debug\billet_measurement.ilk
h:\kliuworkspace\billet_measurement_vs\billet_measurement_v6\x64\debug\billet_measurement.exe
h:\kliuworkspace\billet_measurement_vs\billet_measurement_v6\x64\debug\billet_measurement.pdb
h:\kliuworkspace\billet_measurement_vs\billet_measurement_v7\x64\debug\billet_measurement.ilk
h:\kliuworkspace\billet_measurement_vs\billet_measurement_v7\x64\debug\billet_measurement.exe
h:\kliuworkspace\billet_measurement_vs\billet_measurement_v7\x64\debug\billet_measurement.pdb
h:\kliuworkspace\billet_measurement_vs\billet_measurement_v7\billet_measurement\x64\debug\billet_m.b12702ad.tlog\cl.command.1.tlog
h:\kliuworkspace\billet_measurement_vs\billet_measurement_v7\billet_measurement\x64\debug\billet_m.b12702ad.tlog\cl.read.1.tlog
h:\kliuworkspace\billet_measurement_vs\billet_measurement_v7\billet_measurement\x64\debug\billet_m.b12702ad.tlog\cl.write.1.tlog
h:\kliuworkspace\billet_measurement_vs\billet_measurement_v7\billet_measurement\x64\debug\billet_m.b12702ad.tlog\custombuild.command.1.tlog
h:\kliuworkspace\billet_measurement_vs\billet_measurement_v7\billet_measurement\x64\debug\billet_m.b12702ad.tlog\custombuild.read.1.tlog
h:\kliuworkspace\billet_measurement_vs\billet_measurement_v7\billet_measurement\x64\debug\billet_m.b12702ad.tlog\custombuild.write.1.tlog
h:\kliuworkspace\billet_measurement_vs\billet_measurement_v7\billet_measurement\x64\debug\billet_m.b12702ad.tlog\link.command.1.tlog
h:\kliuworkspace\billet_measurement_vs\billet_measurement_v7\billet_measurement\x64\debug\billet_m.b12702ad.tlog\link.read.1.tlog
h:\kliuworkspace\billet_measurement_vs\billet_measurement_v7\billet_measurement\x64\debug\billet_m.b12702ad.tlog\link.write.1.tlog
